<?xml version="1.0" encoding="UTF-8"?>
<testng-results ignored="0" total="1" passed="1" failed="0" skipped="0">
  <reporter-output>
  </reporter-output>
  <suite started-at="2023-03-04T12:36:52 IST" name="com.TestCases.TestClass" finished-at="2023-03-04T12:37:18 IST" duration-ms="25518">
    <groups>
    </groups>
    <test started-at="2023-03-04T12:36:52 IST" name="Command line test" finished-at="2023-03-04T12:37:18 IST" duration-ms="25518">
      <class name="com.TestCases.TestClass">
        <test-method signature="TC1()[pri:0, instance:com.TestCases.TestClass@4ec4f3a0]" started-at="2023-03-04T12:36:52 IST" name="TC1" finished-at="2023-03-04T12:37:18 IST" duration-ms="25446" status="PASS">
          <reporter-output>
          </reporter-output>
        </test-method> <!-- TC1 -->
      </class> <!-- com.TestCases.TestClass -->
    </test> <!-- Command line test -->
  </suite> <!-- com.TestCases.TestClass -->
</testng-results>
