<?xml version="1.0" encoding="UTF-8"?>
<testng-results ignored="0" total="1" passed="1" failed="0" skipped="0">
  <reporter-output>
  </reporter-output>
  <suite started-at="2023-02-27T10:53:10 IST" name="Default suite" finished-at="2023-02-27T10:54:49 IST" duration-ms="99666">
    <groups>
    </groups>
    <test started-at="2023-02-27T10:53:10 IST" name="Default test" finished-at="2023-02-27T10:54:49 IST" duration-ms="99666">
      <class name="com.TestCases.TestClass">
        <test-method signature="TC1()[pri:0, instance:com.TestCases.TestClass@6a84a97d]" started-at="2023-02-27T10:53:10 IST" name="TC1" finished-at="2023-02-27T10:54:49 IST" duration-ms="99556" status="PASS">
          <reporter-output>
          </reporter-output>
        </test-method> <!-- TC1 -->
      </class> <!-- com.TestCases.TestClass -->
    </test> <!-- Default test -->
  </suite> <!-- Default suite -->
</testng-results>
