<?xml version="1.0" encoding="UTF-8"?>
<testng-results ignored="0" total="1" passed="1" failed="0" skipped="0">
  <reporter-output>
  </reporter-output>
  <suite started-at="2023-02-26T16:00:49 IST" name="Default suite" finished-at="2023-02-26T16:02:05 IST" duration-ms="75981">
    <groups>
    </groups>
    <test started-at="2023-02-26T16:00:49 IST" name="Default test" finished-at="2023-02-26T16:02:05 IST" duration-ms="75981">
      <class name="com.TestCases.TestClass">
        <test-method signature="TC1()[pri:0, instance:com.TestCases.TestClass@6a84a97d]" started-at="2023-02-26T16:00:49 IST" name="TC1" finished-at="2023-02-26T16:02:05 IST" duration-ms="75910" status="PASS">
          <reporter-output>
          </reporter-output>
        </test-method> <!-- TC1 -->
      </class> <!-- com.TestCases.TestClass -->
    </test> <!-- Default test -->
  </suite> <!-- Default suite -->
</testng-results>
